#
# An unexpected error has been detected by Java Runtime Environment:
#
#  EXCEPTION_ACCESS_VIOLATION (0xc0000005) at pc=0x7c90100b, pid=6136, tid=6104
#
# Java VM: Java HotSpot(TM) Client VM (11.3-b02 mixed mode, sharing windows-x86)
# Problematic frame:
# C  [ntdll.dll+0x100b]
#
# If you would like to submit a bug report, please visit:
#   http://java.sun.com/webapps/bugreport/crash.jsp
# The crash happened outside the Java Virtual Machine in native code.
# See problematic frame for where to report the bug.
#

---------------  T H R E A D  ---------------

Current thread (0x02b7a800):  JavaThread "AWT-EventQueue-0" [_thread_in_native, id=6104, stack(0x03000000,0x03050000)]

siginfo: ExceptionCode=0xc0000005, reading address 0x00000018

Registers:
EAX=0x00000004, EBX=0x26ab9590, ECX=0x7ffad000, EDX=0x00000004
ESP=0x0304f358, EBP=0x0304f370, ESI=0x00000000, EDI=0x03401590
EIP=0x7c90100b, EFLAGS=0x00010246

Top of Stack: (sp=0x0304f358)
0x0304f358:   7435674a 00000004 034015b4 7432139f
0x0304f368:   034015b4 03401590 0304f380 74322d3d
0x0304f378:   034015b4 02b7a914 0304f394 7432598b
0x0304f388:   03401590 74350000 0304fc64 0304f3b0
0x0304f398:   74326db2 03401590 0304f3d0 00000003
0x0304f3a8:   0316a3b8 02b7a914 0304f3c8 6d42124e
0x0304f3b8:   03401590 0304f3d0 02b7a800 26ab9590
0x0304f3c8:   0304f40c 00979d11 00000000 0304f428 

Instructions: (pc=0x7c90100b)
0x7c900ffb:   00 00 00 00 00 64 8b 0d 18 00 00 00 8b 54 24 04
0x7c90100b:   83 7a 14 00 75 4f f0 ff 42 04 75 19 8b 41 24 89 


Stack: [0x03000000,0x03050000],  sp=0x0304f358,  free space=316k
Native frames: (J=compiled Java code, j=interpreted, Vv=VM code, C=native code)
C  [ntdll.dll+0x100b]
C  [ODBC32.dll+0x2d3d]
C  [ODBC32.dll+0x598b]
C  [ODBC32.dll+0x6db2]
C  [JdbcOdbc.dll+0x124e]
j  sun.jdbc.odbc.JdbcOdbc.allocStmt(J[B)J+0
j  sun.jdbc.odbc.JdbcOdbc.SQLAllocStmt(J)J+47
j  sun.jdbc.odbc.JdbcOdbcConnection.prepareStatement(Ljava/lang/String;II)Ljava/sql/PreparedStatement;+55
j  sun.jdbc.odbc.JdbcOdbcConnection.prepareStatement(Ljava/lang/String;)Ljava/sql/PreparedStatement;+8
j  AddCustomer.saveActionPerformed(Ljava/awt/event/ActionEvent;)V+7
j  AddCustomer.access$100(LAddCustomer;Ljava/awt/event/ActionEvent;)V+2
j  AddCustomer$2.actionPerformed(Ljava/awt/event/ActionEvent;)V+5
j  javax.swing.AbstractButton.fireActionPerformed(Ljava/awt/event/ActionEvent;)V+84
j  javax.swing.AbstractButton$Handler.actionPerformed(Ljava/awt/event/ActionEvent;)V+5
j  javax.swing.DefaultButtonModel.fireActionPerformed(Ljava/awt/event/ActionEvent;)V+35
j  javax.swing.DefaultButtonModel.setPressed(Z)V+117
j  javax.swing.plaf.basic.BasicButtonListener.mouseReleased(Ljava/awt/event/MouseEvent;)V+35
j  java.awt.Component.processMouseEvent(Ljava/awt/event/MouseEvent;)V+64
j  javax.swing.JComponent.processMouseEvent(Ljava/awt/event/MouseEvent;)V+23
J  java.awt.Component.processEvent(Ljava/awt/AWTEvent;)V
J  java.awt.Container.processEvent(Ljava/awt/AWTEvent;)V
J  java.awt.Component.dispatchEventImpl(Ljava/awt/AWTEvent;)V
J  java.awt.Container.dispatchEventImpl(Ljava/awt/AWTEvent;)V
J  java.awt.LightweightDispatcher.retargetMouseEvent(Ljava/awt/Component;ILjava/awt/event/MouseEvent;)V
J  java.awt.LightweightDispatcher.processMouseEvent(Ljava/awt/event/MouseEvent;)Z
J  java.awt.LightweightDispatcher.dispatchEvent(Ljava/awt/AWTEvent;)Z
J  java.awt.Container.dispatchEventImpl(Ljava/awt/AWTEvent;)V
J  java.awt.Window.dispatchEventImpl(Ljava/awt/AWTEvent;)V
J  java.awt.EventQueue.dispatchEvent(Ljava/awt/AWTEvent;)V
J  java.awt.EventDispatchThread.pumpOneEventForFilters(I)Z
j  java.awt.EventDispatchThread.pumpEventsForFilter(ILjava/awt/Conditional;Ljava/awt/EventFilter;)V+30
j  java.awt.EventDispatchThread.pumpEventsForHierarchy(ILjava/awt/Conditional;Ljava/awt/Component;)V+11
j  java.awt.EventDispatchThread.pumpEvents(ILjava/awt/Conditional;)V+4
j  java.awt.EventDispatchThread.pumpEvents(Ljava/awt/Conditional;)V+3
j  java.awt.EventDispatchThread.run()V+9
v  ~StubRoutines::call_stub

Java frames: (J=compiled Java code, j=interpreted, Vv=VM code)
j  sun.jdbc.odbc.JdbcOdbc.allocStmt(J[B)J+0
j  sun.jdbc.odbc.JdbcOdbc.SQLAllocStmt(J)J+47
j  sun.jdbc.odbc.JdbcOdbcConnection.prepareStatement(Ljava/lang/String;II)Ljava/sql/PreparedStatement;+55
j  sun.jdbc.odbc.JdbcOdbcConnection.prepareStatement(Ljava/lang/String;)Ljava/sql/PreparedStatement;+8
j  AddCustomer.saveActionPerformed(Ljava/awt/event/ActionEvent;)V+7
j  AddCustomer.access$100(LAddCustomer;Ljava/awt/event/ActionEvent;)V+2
j  AddCustomer$2.actionPerformed(Ljava/awt/event/ActionEvent;)V+5
j  javax.swing.AbstractButton.fireActionPerformed(Ljava/awt/event/ActionEvent;)V+84
j  javax.swing.AbstractButton$Handler.actionPerformed(Ljava/awt/event/ActionEvent;)V+5
j  javax.swing.DefaultButtonModel.fireActionPerformed(Ljava/awt/event/ActionEvent;)V+35
j  javax.swing.DefaultButtonModel.setPressed(Z)V+117
j  javax.swing.plaf.basic.BasicButtonListener.mouseReleased(Ljava/awt/event/MouseEvent;)V+35
j  java.awt.Component.processMouseEvent(Ljava/awt/event/MouseEvent;)V+64
j  javax.swing.JComponent.processMouseEvent(Ljava/awt/event/MouseEvent;)V+23
J  java.awt.Component.processEvent(Ljava/awt/AWTEvent;)V
J  java.awt.Container.processEvent(Ljava/awt/AWTEvent;)V
J  java.awt.Component.dispatchEventImpl(Ljava/awt/AWTEvent;)V
J  java.awt.Container.dispatchEventImpl(Ljava/awt/AWTEvent;)V
J  java.awt.LightweightDispatcher.retargetMouseEvent(Ljava/awt/Component;ILjava/awt/event/MouseEvent;)V
J  java.awt.LightweightDispatcher.processMouseEvent(Ljava/awt/event/MouseEvent;)Z
J  java.awt.LightweightDispatcher.dispatchEvent(Ljava/awt/AWTEvent;)Z
J  java.awt.Container.dispatchEventImpl(Ljava/awt/AWTEvent;)V
J  java.awt.Window.dispatchEventImpl(Ljava/awt/AWTEvent;)V
J  java.awt.EventQueue.dispatchEvent(Ljava/awt/AWTEvent;)V
J  java.awt.EventDispatchThread.pumpOneEventForFilters(I)Z
j  java.awt.EventDispatchThread.pumpEventsForFilter(ILjava/awt/Conditional;Ljava/awt/EventFilter;)V+30
j  java.awt.EventDispatchThread.pumpEventsForHierarchy(ILjava/awt/Conditional;Ljava/awt/Component;)V+11
j  java.awt.EventDispatchThread.pumpEvents(ILjava/awt/Conditional;)V+4
j  java.awt.EventDispatchThread.pumpEvents(Ljava/awt/Conditional;)V+3
j  java.awt.EventDispatchThread.run()V+9
v  ~StubRoutines::call_stub

---------------  P R O C E S S  ---------------

Java Threads: ( => current thread )
  0x03120800 JavaThread "TimerQueue" daemon [_thread_blocked, id=2392, stack(0x0dc50000,0x0dca0000)]
  0x00306c00 JavaThread "DestroyJavaVM" [_thread_blocked, id=4920, stack(0x008f0000,0x00940000)]
=>0x02b7a800 JavaThread "AWT-EventQueue-0" [_thread_in_native, id=6104, stack(0x03000000,0x03050000)]
  0x02b78c00 JavaThread "AWT-Windows" daemon [_thread_in_native, id=5572, stack(0x02f70000,0x02fc0000)]
  0x02b77800 JavaThread "AWT-Shutdown" [_thread_blocked, id=3988, stack(0x02f20000,0x02f70000)]
  0x02b61000 JavaThread "Java2D Disposer" daemon [_thread_blocked, id=2024, stack(0x02ed0000,0x02f20000)]
  0x02b1b800 JavaThread "Low Memory Detector" daemon [_thread_blocked, id=6060, stack(0x02d90000,0x02de0000)]
  0x02b17000 JavaThread "CompilerThread0" daemon [_thread_blocked, id=3948, stack(0x02d40000,0x02d90000)]
  0x02b13c00 JavaThread "Attach Listener" daemon [_thread_blocked, id=5956, stack(0x02cf0000,0x02d40000)]
  0x02b12800 JavaThread "Signal Dispatcher" daemon [_thread_blocked, id=3584, stack(0x02ca0000,0x02cf0000)]
  0x02ad0800 JavaThread "Finalizer" daemon [_thread_blocked, id=4384, stack(0x02c50000,0x02ca0000)]
  0x02acf400 JavaThread "Reference Handler" daemon [_thread_blocked, id=3052, stack(0x02c00000,0x02c50000)]

Other Threads:
  0x02acdc00 VMThread [stack: 0x02bb0000,0x02c00000] [id=1732]
  0x02b1d400 WatcherThread [stack: 0x02de0000,0x02e30000] [id=3980]

VM state:not at safepoint (normal execution)

VM Mutex/Monitor currently owned by a thread: None

Heap
 def new generation   total 960K, used 293K [0x229f0000, 0x22af0000, 0x22ed0000)
  eden space 896K,  30% used [0x229f0000, 0x22a34100, 0x22ad0000)
  from space 64K,  33% used [0x22ad0000, 0x22ad55b8, 0x22ae0000)
  to   space 64K,   0% used [0x22ae0000, 0x22ae0000, 0x22af0000)
 tenured generation   total 6932K, used 4733K [0x22ed0000, 0x23595000, 0x269f0000)
   the space 6932K,  68% used [0x22ed0000, 0x2336f408, 0x2336f600, 0x23595000)
 compacting perm gen  total 12288K, used 1399K [0x269f0000, 0x275f0000, 0x2a9f0000)
   the space 12288K,  11% used [0x269f0000, 0x26b4dca0, 0x26b4de00, 0x275f0000)
    ro space 8192K,  67% used [0x2a9f0000, 0x2af57ea8, 0x2af58000, 0x2b1f0000)
    rw space 12288K,  53% used [0x2b1f0000, 0x2b865530, 0x2b865600, 0x2bdf0000)

Dynamic libraries:
0x00400000 - 0x00424000 	C:\Program Files\Java\jdk1.6.0_13\bin\java.exe
0x7c900000 - 0x7c9b2000 	C:\WINDOWS\system32\ntdll.dll
0x7c800000 - 0x7c8f6000 	C:\WINDOWS\system32\kernel32.dll
0x64d00000 - 0x64d34000 	C:\Program Files\AVAST Software\Avast\snxhk.dll
0x77dd0000 - 0x77e6b000 	C:\WINDOWS\system32\ADVAPI32.dll
0x77e70000 - 0x77f03000 	C:\WINDOWS\system32\RPCRT4.dll
0x77fe0000 - 0x77ff1000 	C:\WINDOWS\system32\Secur32.dll
0x7c340000 - 0x7c396000 	C:\Program Files\Java\jdk1.6.0_13\jre\bin\msvcr71.dll
0x6d8b0000 - 0x6db06000 	C:\Program Files\Java\jdk1.6.0_13\jre\bin\client\jvm.dll
0x7e410000 - 0x7e4a1000 	C:\WINDOWS\system32\USER32.dll
0x77f10000 - 0x77f59000 	C:\WINDOWS\system32\GDI32.dll
0x76b40000 - 0x76b6d000 	C:\WINDOWS\system32\WINMM.dll
0x76390000 - 0x763ad000 	C:\WINDOWS\system32\IMM32.DLL
0x629c0000 - 0x629c9000 	C:\WINDOWS\system32\LPK.DLL
0x74d90000 - 0x74dfb000 	C:\WINDOWS\system32\USP10.dll
0x6d340000 - 0x6d348000 	C:\Program Files\Java\jdk1.6.0_13\jre\bin\hpi.dll
0x76bf0000 - 0x76bfb000 	C:\WINDOWS\system32\PSAPI.DLL
0x6d860000 - 0x6d86c000 	C:\Program Files\Java\jdk1.6.0_13\jre\bin\verify.dll
0x6d3e0000 - 0x6d3ff000 	C:\Program Files\Java\jdk1.6.0_13\jre\bin\java.dll
0x6d8a0000 - 0x6d8af000 	C:\Program Files\Java\jdk1.6.0_13\jre\bin\zip.dll
0x6d0b0000 - 0x6d1fa000 	C:\Program Files\Java\jdk1.6.0_13\jre\bin\awt.dll
0x73000000 - 0x73026000 	C:\WINDOWS\system32\WINSPOOL.DRV
0x77c10000 - 0x77c68000 	C:\WINDOWS\system32\msvcrt.dll
0x774e0000 - 0x7761e000 	C:\WINDOWS\system32\ole32.dll
0x773d0000 - 0x774d3000 	C:\WINDOWS\WinSxS\x86_Microsoft.Windows.Common-Controls_6595b64144ccf1df_6.0.2600.6028_x-ww_61e65202\comctl32.dll
0x77f60000 - 0x77fd6000 	C:\WINDOWS\system32\SHLWAPI.dll
0x5ad70000 - 0x5ada8000 	C:\WINDOWS\system32\uxtheme.dll
0x74720000 - 0x7476c000 	C:\WINDOWS\system32\MSCTF.dll
0x755c0000 - 0x755ee000 	C:\WINDOWS\system32\msctfime.ime
0x6d2e0000 - 0x6d334000 	C:\Program Files\Java\jdk1.6.0_13\jre\bin\fontmanager.dll
0x7c9c0000 - 0x7d1d8000 	C:\WINDOWS\system32\shell32.dll
0x6d6c0000 - 0x6d6d3000 	C:\Program Files\Java\jdk1.6.0_13\jre\bin\net.dll
0x71ab0000 - 0x71ac7000 	C:\WINDOWS\system32\WS2_32.dll
0x71aa0000 - 0x71aa8000 	C:\WINDOWS\system32\WS2HELP.dll
0x6d6e0000 - 0x6d6e9000 	C:\Program Files\Java\jdk1.6.0_13\jre\bin\nio.dll
0x77120000 - 0x771ab000 	C:\WINDOWS\system32\OLEAUT32.DLL
0x6d420000 - 0x6d42d000 	C:\Program Files\Java\jdk1.6.0_13\jre\bin\JdbcOdbc.dll
0x74320000 - 0x7435e000 	C:\WINDOWS\system32\ODBC32.dll
0x763b0000 - 0x763f9000 	C:\WINDOWS\system32\comdlg32.dll
0x04bb0000 - 0x04bc7000 	C:\WINDOWS\system32\odbcint.dll
0x78520000 - 0x785c3000 	C:\WINDOWS\WinSxS\x86_Microsoft.VC90.CRT_1fc8b3b9a1e18e3b_9.0.30729.6161_x-ww_31a54e43\MSVCR90.dll
0x39000000 - 0x3a1eb000 	C:\Program Files\Common Files\Microsoft Shared\office14\mso.dll
0x3fde0000 - 0x40221000 	C:\WINDOWS\system32\msi.dll
0x341f0000 - 0x3440a000 	C:\Program Files\Common Files\Microsoft Shared\OFFICE14\ACECORE.DLL
0x78480000 - 0x7850e000 	C:\WINDOWS\WinSxS\x86_Microsoft.VC90.CRT_1fc8b3b9a1e18e3b_9.0.30729.6161_x-ww_31a54e43\MSVCP90.dll
0x3afe0000 - 0x3b0b2000 	C:\Program Files\Common Files\Microsoft Shared\OFFICE14\1033\ACEWSTR.DLL
0x05010000 - 0x0953a000 	C:\Program Files\Common Files\Microsoft Shared\office14\MSORES.DLL
0x09550000 - 0x097b3000 	C:\Program Files\Common Files\Microsoft Shared\office14\1033\MSOINTL.DLL
0x0d8e0000 - 0x0dba5000 	C:\WINDOWS\system32\xpsp2res.dll
0x3af10000 - 0x3afba000 	C:\Program Files\Common Files\Microsoft Shared\office14\ACEES.DLL
0x77c00000 - 0x77c08000 	C:\WINDOWS\system32\VERSION.dll
0x0f9a0000 - 0x0f9ae000 	C:\Program Files\Common Files\Microsoft Shared\OFFICE14\VBAJET32.DLL
0x0f9c0000 - 0x0fa31000 	C:\Program Files\Common Files\Microsoft Shared\OFFICE14\expsrv.dll

VM Arguments:
jvm_args: -Dfile.encoding=UTF-8 
java_command: mainform
Launcher Type: SUN_STANDARD

Environment Variables:
PATH=C:\Program Files\PC Connectivity Solution\;C:\WINDOWS\system32;C:\WINDOWS;C:\WINDOWS\System32\Wbem;C:\Program Files\Common Files\Adobe\AGL;C:\ORANT\BIN
USERNAME=Administrator
OS=Windows_NT
PROCESSOR_IDENTIFIER=x86 Family 6 Model 23 Stepping 10, GenuineIntel



---------------  S Y S T E M  ---------------

OS: Windows XP Build 2600 Service Pack 3

CPU:total 2 (2 cores per cpu, 1 threads per core) family 6 model 7 stepping 10, cmov, cx8, fxsr, mmx, sse, sse2, sse3, ssse3

Memory: 4k page, physical 1963116k(1095968k free), swap 3902172k(3244048k free)

vm_info: Java HotSpot(TM) Client VM (11.3-b02) for windows-x86 JRE (1.6.0_13-b03), built on Mar  9 2009 01:15:24 by "java_re" with MS VC++ 7.1

time: Fri Dec 23 10:57:32 2011
elapsed time: 431 seconds

